2023-07-21 12:26:12.066  INFO 3028 --- [restartedMain] c.c.u.UserAuthServiceApplication         : Starting UserAuthServiceApplication using Java 17.0.1 on DESKTOP-M6KJQ8U with PID 3028 (C:\Users\USER\Desktop\App-Cloud\movie-booking-app\Backend\user-auth-service\target\classes started by USER in C:\Users\USER\Desktop\App-Cloud\movie-booking-app\Backend\user-auth-service)
2023-07-21 12:26:12.355  INFO 3028 --- [restartedMain] c.c.u.UserAuthServiceApplication         : No active profile set, falling back to 1 default profile: "default"
2023-07-21 12:26:12.520  INFO 3028 --- [restartedMain] .e.DevToolsPropertyDefaultsPostProcessor : Devtools property defaults active! Set 'spring.devtools.add-properties' to 'false' to disable
2023-07-21 12:26:12.522  INFO 3028 --- [restartedMain] .e.DevToolsPropertyDefaultsPostProcessor : For additional web related logging consider setting the 'logging.level.web' property to 'DEBUG'
2023-07-21 12:26:18.000  INFO 3028 --- [restartedMain] .s.d.r.c.RepositoryConfigurationDelegate : Bootstrapping Spring Data MongoDB repositories in DEFAULT mode.
2023-07-21 12:26:18.998  INFO 3028 --- [restartedMain] .s.d.r.c.RepositoryConfigurationDelegate : Finished Spring Data repository scanning in 985 ms. Found 2 MongoDB repository interfaces.
2023-07-21 12:26:19.833  INFO 3028 --- [restartedMain] o.s.cloud.context.scope.GenericScope     : BeanFactory id=490b4b0f-c73a-38f5-91cd-b339a4b42c02
2023-07-21 12:26:21.721  INFO 3028 --- [restartedMain] o.s.b.w.embedded.tomcat.TomcatWebServer  : Tomcat initialized with port(s): 8081 (http)
2023-07-21 12:26:21.745  INFO 3028 --- [restartedMain] o.apache.catalina.core.StandardService   : Starting service [Tomcat]
2023-07-21 12:26:21.746  INFO 3028 --- [restartedMain] org.apache.catalina.core.StandardEngine  : Starting Servlet engine: [Apache Tomcat/9.0.75]
2023-07-21 12:26:22.200  INFO 3028 --- [restartedMain] o.a.c.c.C.[.[.[/api/v1.0/moviebooking]   : Initializing Spring embedded WebApplicationContext
2023-07-21 12:26:22.207  INFO 3028 --- [restartedMain] w.s.c.ServletWebServerApplicationContext : Root WebApplicationContext: initialization completed in 9684 ms
2023-07-21 12:26:23.606  INFO 3028 --- [restartedMain] org.mongodb.driver.client                : MongoClient with metadata {"driver": {"name": "mongo-java-driver|sync|spring-boot", "version": "4.6.1"}, "os": {"type": "Windows", "name": "Windows 10", "architecture": "amd64", "version": "10.0"}, "platform": "Java/Oracle Corporation/17.0.1+12-LTS-39"} created with settings MongoClientSettings{readPreference=primary, writeConcern=WriteConcern{w=majority, wTimeout=null ms, journal=null}, retryWrites=true, retryReads=true, readConcern=ReadConcern{level=null}, credential=MongoCredential{mechanism=null, userName='Movie_App_User', source='admin', password=<hidden>, mechanismProperties=<hidden>}, streamFactoryFactory=null, commandListeners=[io.micrometer.core.instrument.binder.mongodb.MongoMetricsCommandListener@475d8431], codecRegistry=ProvidersCodecRegistry{codecProviders=[ValueCodecProvider{}, BsonValueCodecProvider{}, DBRefCodecProvider{}, DBObjectCodecProvider{}, DocumentCodecProvider{}, IterableCodecProvider{}, MapCodecProvider{}, GeoJsonCodecProvider{}, GridFSFileCodecProvider{}, Jsr310CodecProvider{}, JsonObjectCodecProvider{}, BsonCodecProvider{}, EnumCodecProvider{}, com.mongodb.Jep395RecordCodecProvider@25762ef5]}, clusterSettings={hosts=[127.0.0.1:27017], srvHost=cluster0.kxgac.mongodb.net, srvServiceName=mongodb, mode=MULTIPLE, requiredClusterType=REPLICA_SET, requiredReplicaSetName='atlas-l6la7n-shard-0', serverSelector='null', clusterListeners='[]', serverSelectionTimeout='30000 ms', localThreshold='30000 ms'}, socketSettings=SocketSettings{connectTimeoutMS=10000, readTimeoutMS=0, receiveBufferSize=0, sendBufferSize=0}, heartbeatSocketSettings=SocketSettings{connectTimeoutMS=10000, readTimeoutMS=10000, receiveBufferSize=0, sendBufferSize=0}, connectionPoolSettings=ConnectionPoolSettings{maxSize=100, minSize=0, maxWaitTimeMS=120000, maxConnectionLifeTimeMS=0, maxConnectionIdleTimeMS=0, maintenanceInitialDelayMS=0, maintenanceFrequencyMS=60000, connectionPoolListeners=[io.micrometer.core.instrument.binder.mongodb.MongoMetricsConnectionPoolListener@1d507cd3], maxConnecting=2}, serverSettings=ServerSettings{heartbeatFrequencyMS=10000, minHeartbeatFrequencyMS=500, serverListeners='[]', serverMonitorListeners='[]'}, sslSettings=SslSettings{enabled=true, invalidHostNameAllowed=false, context=null}, applicationName='null', compressorList=[], uuidRepresentation=JAVA_LEGACY, serverApi=null, autoEncryptionSettings=null, contextProvider=null}
2023-07-21 12:26:23.654  INFO 3028 --- [cluster-ClusterId{value='64ba2c1713263b1d1ce5afb1', description='null'}-srv-cluster0.kxgac.mongodb.net] org.mongodb.driver.cluster               : Adding discovered server cluster0-shard-00-02.kxgac.mongodb.net:27017 to client view of cluster
2023-07-21 12:26:23.735  INFO 3028 --- [cluster-ClusterId{value='64ba2c1713263b1d1ce5afb1', description='null'}-srv-cluster0.kxgac.mongodb.net] org.mongodb.driver.cluster               : Adding discovered server cluster0-shard-00-00.kxgac.mongodb.net:27017 to client view of cluster
2023-07-21 12:26:23.761  INFO 3028 --- [cluster-ClusterId{value='64ba2c1713263b1d1ce5afb1', description='null'}-srv-cluster0.kxgac.mongodb.net] org.mongodb.driver.cluster               : Adding discovered server cluster0-shard-00-01.kxgac.mongodb.net:27017 to client view of cluster
2023-07-21 12:26:24.018  WARN 3028 --- [restartedMain] o.s.data.convert.CustomConversions       : Registering converter from class java.time.LocalDateTime to class org.joda.time.LocalDateTime as reading converter although it doesn't convert from a store-supported type; You might want to check your annotation setup at the converter implementation
2023-07-21 12:26:24.599  INFO 3028 --- [restartedMain] o.s.b.d.a.OptionalLiveReloadServer       : LiveReload server is running on port 35729
2023-07-21 12:26:24.877  WARN 3028 --- [restartedMain] o.s.data.convert.CustomConversions       : Registering converter from class java.time.LocalDateTime to class org.joda.time.LocalDateTime as reading converter although it doesn't convert from a store-supported type; You might want to check your annotation setup at the converter implementation
2023-07-21 12:26:26.376  INFO 3028 --- [cluster-ClusterId{value='64ba2c1713263b1d1ce5afb1', description='null'}-cluster0-shard-00-02.kxgac.mongodb.net:27017] org.mongodb.driver.connection            : Opened connection [connectionId{localValue:1, serverValue:100358}] to cluster0-shard-00-02.kxgac.mongodb.net:27017
2023-07-21 12:26:26.377  INFO 3028 --- [cluster-rtt-ClusterId{value='64ba2c1713263b1d1ce5afb1', description='null'}-cluster0-shard-00-00.kxgac.mongodb.net:27017] org.mongodb.driver.connection            : Opened connection [connectionId{localValue:2, serverValue:101892}] to cluster0-shard-00-00.kxgac.mongodb.net:27017
2023-07-21 12:26:26.378  INFO 3028 --- [cluster-ClusterId{value='64ba2c1713263b1d1ce5afb1', description='null'}-cluster0-shard-00-02.kxgac.mongodb.net:27017] org.mongodb.driver.cluster               : Monitor thread successfully connected to server with description ServerDescription{address=cluster0-shard-00-02.kxgac.mongodb.net:27017, type=REPLICA_SET_SECONDARY, state=CONNECTED, ok=true, minWireVersion=0, maxWireVersion=17, maxDocumentSize=16777216, logicalSessionTimeoutMinutes=30, roundTripTimeNanos=1143293800, setName='atlas-l6la7n-shard-0', canonicalAddress=cluster0-shard-00-02.kxgac.mongodb.net:27017, hosts=[cluster0-shard-00-00.kxgac.mongodb.net:27017, cluster0-shard-00-01.kxgac.mongodb.net:27017, cluster0-shard-00-02.kxgac.mongodb.net:27017], passives=[], arbiters=[], primary='cluster0-shard-00-01.kxgac.mongodb.net:27017', tagSet=TagSet{[Tag{name='nodeType', value='ELECTABLE'}, Tag{name='provider', value='AWS'}, Tag{name='region', value='US_EAST_1'}, Tag{name='workloadType', value='OPERATIONAL'}]}, electionId=null, setVersion=8, topologyVersion=TopologyVersion{processId=64b8e9c901c9f7703075df42, counter=3}, lastWriteDate=Fri Jul 21 12:26:26 IST 2023, lastUpdateTimeNanos=11390308968500}
2023-07-21 12:26:26.378  INFO 3028 --- [cluster-ClusterId{value='64ba2c1713263b1d1ce5afb1', description='null'}-cluster0-shard-00-00.kxgac.mongodb.net:27017] org.mongodb.driver.connection            : Opened connection [connectionId{localValue:3, serverValue:101892}] to cluster0-shard-00-00.kxgac.mongodb.net:27017
2023-07-21 12:26:26.379  INFO 3028 --- [cluster-ClusterId{value='64ba2c1713263b1d1ce5afb1', description='null'}-cluster0-shard-00-01.kxgac.mongodb.net:27017] org.mongodb.driver.connection            : Opened connection [connectionId{localValue:5, serverValue:103042}] to cluster0-shard-00-01.kxgac.mongodb.net:27017
2023-07-21 12:26:26.379  INFO 3028 --- [cluster-ClusterId{value='64ba2c1713263b1d1ce5afb1', description='null'}-cluster0-shard-00-01.kxgac.mongodb.net:27017] org.mongodb.driver.cluster               : Monitor thread successfully connected to server with description ServerDescription{address=cluster0-shard-00-01.kxgac.mongodb.net:27017, type=REPLICA_SET_PRIMARY, state=CONNECTED, ok=true, minWireVersion=0, maxWireVersion=17, maxDocumentSize=16777216, logicalSessionTimeoutMinutes=30, roundTripTimeNanos=1144074800, setName='atlas-l6la7n-shard-0', canonicalAddress=cluster0-shard-00-01.kxgac.mongodb.net:27017, hosts=[cluster0-shard-00-00.kxgac.mongodb.net:27017, cluster0-shard-00-01.kxgac.mongodb.net:27017, cluster0-shard-00-02.kxgac.mongodb.net:27017], passives=[], arbiters=[], primary='cluster0-shard-00-01.kxgac.mongodb.net:27017', tagSet=TagSet{[Tag{name='nodeType', value='ELECTABLE'}, Tag{name='provider', value='AWS'}, Tag{name='region', value='US_EAST_1'}, Tag{name='workloadType', value='OPERATIONAL'}]}, electionId=7fffffff0000000000000182, setVersion=8, topologyVersion=TopologyVersion{processId=64b8e89346eea641c32c50be, counter=6}, lastWriteDate=Fri Jul 21 12:26:26 IST 2023, lastUpdateTimeNanos=11390309745100}
2023-07-21 12:26:26.380  INFO 3028 --- [cluster-ClusterId{value='64ba2c1713263b1d1ce5afb1', description='null'}-cluster0-shard-00-00.kxgac.mongodb.net:27017] org.mongodb.driver.cluster               : Monitor thread successfully connected to server with description ServerDescription{address=cluster0-shard-00-00.kxgac.mongodb.net:27017, type=REPLICA_SET_SECONDARY, state=CONNECTED, ok=true, minWireVersion=0, maxWireVersion=17, maxDocumentSize=16777216, logicalSessionTimeoutMinutes=30, roundTripTimeNanos=1141502900, setName='atlas-l6la7n-shard-0', canonicalAddress=cluster0-shard-00-00.kxgac.mongodb.net:27017, hosts=[cluster0-shard-00-00.kxgac.mongodb.net:27017, cluster0-shard-00-01.kxgac.mongodb.net:27017, cluster0-shard-00-02.kxgac.mongodb.net:27017], passives=[], arbiters=[], primary='cluster0-shard-00-01.kxgac.mongodb.net:27017', tagSet=TagSet{[Tag{name='nodeType', value='ELECTABLE'}, Tag{name='provider', value='AWS'}, Tag{name='region', value='US_EAST_1'}, Tag{name='workloadType', value='OPERATIONAL'}]}, electionId=null, setVersion=8, topologyVersion=TopologyVersion{processId=64b8e7829448812021c148cb, counter=4}, lastWriteDate=Fri Jul 21 12:26:26 IST 2023, lastUpdateTimeNanos=11390310723800}
2023-07-21 12:26:26.380  INFO 3028 --- [cluster-rtt-ClusterId{value='64ba2c1713263b1d1ce5afb1', description='null'}-cluster0-shard-00-02.kxgac.mongodb.net:27017] org.mongodb.driver.connection            : Opened connection [connectionId{localValue:4, serverValue:100358}] to cluster0-shard-00-02.kxgac.mongodb.net:27017
2023-07-21 12:26:26.381  INFO 3028 --- [cluster-rtt-ClusterId{value='64ba2c1713263b1d1ce5afb1', description='null'}-cluster0-shard-00-01.kxgac.mongodb.net:27017] org.mongodb.driver.connection            : Opened connection [connectionId{localValue:6, serverValue:103045}] to cluster0-shard-00-01.kxgac.mongodb.net:27017
2023-07-21 12:26:26.387  INFO 3028 --- [cluster-ClusterId{value='64ba2c1713263b1d1ce5afb1', description='null'}-cluster0-shard-00-01.kxgac.mongodb.net:27017] org.mongodb.driver.cluster               : Setting max election id to 7fffffff0000000000000182 from replica set primary cluster0-shard-00-01.kxgac.mongodb.net:27017
2023-07-21 12:26:26.388  INFO 3028 --- [cluster-ClusterId{value='64ba2c1713263b1d1ce5afb1', description='null'}-cluster0-shard-00-01.kxgac.mongodb.net:27017] org.mongodb.driver.cluster               : Setting max set version to 8 from replica set primary cluster0-shard-00-01.kxgac.mongodb.net:27017
2023-07-21 12:26:26.388  INFO 3028 --- [cluster-ClusterId{value='64ba2c1713263b1d1ce5afb1', description='null'}-cluster0-shard-00-01.kxgac.mongodb.net:27017] org.mongodb.driver.cluster               : Discovered replica set primary cluster0-shard-00-01.kxgac.mongodb.net:27017
2023-07-21 12:26:27.993  INFO 3028 --- [restartedMain] o.s.b.a.e.web.EndpointLinksResolver      : Exposing 18 endpoint(s) beneath base path '/actuator'
2023-07-21 12:26:28.042  INFO 3028 --- [restartedMain] o.s.s.web.DefaultSecurityFilterChain     : Will secure any request with [org.springframework.security.web.session.DisableEncodeUrlFilter@6d465fba, org.springframework.security.web.context.request.async.WebAsyncManagerIntegrationFilter@76a5ed26, org.springframework.security.web.context.SecurityContextPersistenceFilter@534b4837, org.springframework.security.web.header.HeaderWriterFilter@4fe07779, org.springframework.web.filter.CorsFilter@105d72fa, org.springframework.security.web.authentication.logout.LogoutFilter@477d2b1e, org.springframework.security.oauth2.server.resource.web.BearerTokenAuthenticationFilter@57263707, org.springframework.security.web.savedrequest.RequestCacheAwareFilter@3892c680, org.springframework.security.web.servletapi.SecurityContextHolderAwareRequestFilter@27af3733, org.springframework.security.web.authentication.AnonymousAuthenticationFilter@5d4c9213, org.springframework.security.web.session.SessionManagementFilter@5fb0607e, org.springframework.security.web.access.ExceptionTranslationFilter@7d22606b, org.springframework.security.web.access.intercept.AuthorizationFilter@56d94a2b]
2023-07-21 12:26:29.032  INFO 3028 --- [restartedMain] DiscoveryClientOptionalArgsConfiguration : Eureka HTTP Client uses RestTemplate.
2023-07-21 12:26:29.159  WARN 3028 --- [restartedMain] iguration$LoadBalancerCaffeineWarnLogger : Spring Cloud LoadBalancer is currently working with the default cache. While this cache implementation is useful for development and tests, it's recommended to use Caffeine cache in production.You can switch to using Caffeine cache, by adding it and org.springframework.cache.caffeine.CaffeineCacheManager to the classpath.
2023-07-21 12:26:29.279  INFO 3028 --- [restartedMain] o.s.c.n.eureka.InstanceInfoFactory       : Setting initial instance status as: STARTING
2023-07-21 12:26:29.798  INFO 3028 --- [restartedMain] com.netflix.discovery.DiscoveryClient    : Initializing Eureka in region us-east-1
2023-07-21 12:26:29.822  INFO 3028 --- [restartedMain] c.n.d.s.r.aws.ConfigClusterResolver      : Resolving eureka endpoints via configuration
2023-07-21 12:26:29.881  INFO 3028 --- [restartedMain] com.netflix.discovery.DiscoveryClient    : Disable delta property : false
2023-07-21 12:26:29.882  INFO 3028 --- [restartedMain] com.netflix.discovery.DiscoveryClient    : Single vip registry refresh property : null
2023-07-21 12:26:29.882  INFO 3028 --- [restartedMain] com.netflix.discovery.DiscoveryClient    : Force full registry fetch : false
2023-07-21 12:26:29.883  INFO 3028 --- [restartedMain] com.netflix.discovery.DiscoveryClient    : Application is null : false
2023-07-21 12:26:29.883  INFO 3028 --- [restartedMain] com.netflix.discovery.DiscoveryClient    : Registered Applications size is zero : true
2023-07-21 12:26:29.883  INFO 3028 --- [restartedMain] com.netflix.discovery.DiscoveryClient    : Application version is -1: true
2023-07-21 12:26:29.883  INFO 3028 --- [restartedMain] com.netflix.discovery.DiscoveryClient    : Getting all instance registry info from the eureka server
2023-07-21 12:26:31.106  INFO 3028 --- [restartedMain] com.netflix.discovery.DiscoveryClient    : The response status is 200
2023-07-21 12:26:31.114  INFO 3028 --- [restartedMain] com.netflix.discovery.DiscoveryClient    : Starting heartbeat executor: renew interval is: 30
2023-07-21 12:26:31.121  INFO 3028 --- [restartedMain] c.n.discovery.InstanceInfoReplicator     : InstanceInfoReplicator onDemand update allowed rate per min is 4
2023-07-21 12:26:31.131  INFO 3028 --- [restartedMain] com.netflix.discovery.DiscoveryClient    : Discovery Client initialized at timestamp 1689922591129 with initial instances count: 0
2023-07-21 12:26:31.135  INFO 3028 --- [restartedMain] o.s.c.n.e.s.EurekaServiceRegistry        : Registering application USER-AUTH-SERVICE with eureka with status UP
2023-07-21 12:26:31.137  INFO 3028 --- [restartedMain] com.netflix.discovery.DiscoveryClient    : Saw local status change event StatusChangeEvent [timestamp=1689922591137, current=UP, previous=STARTING]
2023-07-21 12:26:31.146  INFO 3028 --- [DiscoveryClient-InstanceInfoReplicator-0] com.netflix.discovery.DiscoveryClient    : DiscoveryClient_USER-AUTH-SERVICE/host.docker.internal:user-auth-service:8081: registering service...
2023-07-21 12:26:31.726  INFO 3028 --- [restartedMain] o.s.b.w.embedded.tomcat.TomcatWebServer  : Tomcat started on port(s): 8081 (http) with context path '/api/v1.0/moviebooking'
2023-07-21 12:26:31.728  INFO 3028 --- [restartedMain] .s.c.n.e.s.EurekaAutoServiceRegistration : Updating port to 8081
2023-07-21 12:26:32.092  INFO 3028 --- [DiscoveryClient-InstanceInfoReplicator-0] com.netflix.discovery.DiscoveryClient    : DiscoveryClient_USER-AUTH-SERVICE/host.docker.internal:user-auth-service:8081 - registration status: 204
2023-07-21 12:26:32.099  INFO 3028 --- [restartedMain] c.c.u.UserAuthServiceApplication         : Started UserAuthServiceApplication in 21.781 seconds (JVM running for 23.854)
2023-07-21 12:27:01.122  INFO 3028 --- [DiscoveryClient-CacheRefreshExecutor-0] com.netflix.discovery.DiscoveryClient    : Disable delta property : false
2023-07-21 12:27:01.123  INFO 3028 --- [DiscoveryClient-CacheRefreshExecutor-0] com.netflix.discovery.DiscoveryClient    : Single vip registry refresh property : null
2023-07-21 12:27:01.124  INFO 3028 --- [DiscoveryClient-CacheRefreshExecutor-0] com.netflix.discovery.DiscoveryClient    : Force full registry fetch : false
2023-07-21 12:27:01.125  INFO 3028 --- [DiscoveryClient-CacheRefreshExecutor-0] com.netflix.discovery.DiscoveryClient    : Application is null : false
2023-07-21 12:27:01.126  INFO 3028 --- [DiscoveryClient-CacheRefreshExecutor-0] com.netflix.discovery.DiscoveryClient    : Registered Applications size is zero : true
2023-07-21 12:27:01.127  INFO 3028 --- [DiscoveryClient-CacheRefreshExecutor-0] com.netflix.discovery.DiscoveryClient    : Application version is -1: false
2023-07-21 12:27:01.128  INFO 3028 --- [DiscoveryClient-CacheRefreshExecutor-0] com.netflix.discovery.DiscoveryClient    : Getting all instance registry info from the eureka server
2023-07-21 12:27:01.163  INFO 3028 --- [DiscoveryClient-CacheRefreshExecutor-0] com.netflix.discovery.DiscoveryClient    : The response status is 200
2023-07-21 12:31:29.896  INFO 3028 --- [AsyncResolver-bootstrap-executor-0] c.n.d.s.r.aws.ConfigClusterResolver      : Resolving eureka endpoints via configuration
2023-07-21 12:36:29.924  INFO 3028 --- [AsyncResolver-bootstrap-executor-0] c.n.d.s.r.aws.ConfigClusterResolver      : Resolving eureka endpoints via configuration
2023-07-21 12:41:29.979  INFO 3028 --- [AsyncResolver-bootstrap-executor-0] c.n.d.s.r.aws.ConfigClusterResolver      : Resolving eureka endpoints via configuration
2023-07-21 12:46:29.991  INFO 3028 --- [AsyncResolver-bootstrap-executor-0] c.n.d.s.r.aws.ConfigClusterResolver      : Resolving eureka endpoints via configuration
2023-07-21 12:51:30.007  INFO 3028 --- [AsyncResolver-bootstrap-executor-0] c.n.d.s.r.aws.ConfigClusterResolver      : Resolving eureka endpoints via configuration
2023-07-21 12:56:30.021  INFO 3028 --- [AsyncResolver-bootstrap-executor-0] c.n.d.s.r.aws.ConfigClusterResolver      : Resolving eureka endpoints via configuration
2023-07-21 13:01:30.052  INFO 3028 --- [AsyncResolver-bootstrap-executor-0] c.n.d.s.r.aws.ConfigClusterResolver      : Resolving eureka endpoints via configuration
2023-07-21 13:06:30.074  INFO 3028 --- [AsyncResolver-bootstrap-executor-0] c.n.d.s.r.aws.ConfigClusterResolver      : Resolving eureka endpoints via configuration
2023-07-21 13:11:30.080  INFO 3028 --- [AsyncResolver-bootstrap-executor-0] c.n.d.s.r.aws.ConfigClusterResolver      : Resolving eureka endpoints via configuration
2023-07-21 13:16:30.096  INFO 3028 --- [AsyncResolver-bootstrap-executor-0] c.n.d.s.r.aws.ConfigClusterResolver      : Resolving eureka endpoints via configuration
2023-07-21 13:21:30.105  INFO 3028 --- [AsyncResolver-bootstrap-executor-0] c.n.d.s.r.aws.ConfigClusterResolver      : Resolving eureka endpoints via configuration
2023-07-21 13:26:30.115  INFO 3028 --- [AsyncResolver-bootstrap-executor-0] c.n.d.s.r.aws.ConfigClusterResolver      : Resolving eureka endpoints via configuration
2023-07-21 13:31:30.127  INFO 3028 --- [AsyncResolver-bootstrap-executor-0] c.n.d.s.r.aws.ConfigClusterResolver      : Resolving eureka endpoints via configuration
2023-07-21 13:36:30.155  INFO 3028 --- [AsyncResolver-bootstrap-executor-0] c.n.d.s.r.aws.ConfigClusterResolver      : Resolving eureka endpoints via configuration
2023-07-21 13:41:30.160  INFO 3028 --- [AsyncResolver-bootstrap-executor-0] c.n.d.s.r.aws.ConfigClusterResolver      : Resolving eureka endpoints via configuration
2023-07-21 13:46:30.172  INFO 3028 --- [AsyncResolver-bootstrap-executor-0] c.n.d.s.r.aws.ConfigClusterResolver      : Resolving eureka endpoints via configuration
2023-07-21 13:51:30.184  INFO 3028 --- [AsyncResolver-bootstrap-executor-0] c.n.d.s.r.aws.ConfigClusterResolver      : Resolving eureka endpoints via configuration
2023-07-21 13:56:30.187  INFO 3028 --- [AsyncResolver-bootstrap-executor-0] c.n.d.s.r.aws.ConfigClusterResolver      : Resolving eureka endpoints via configuration
2023-07-21 14:01:30.195  INFO 3028 --- [AsyncResolver-bootstrap-executor-0] c.n.d.s.r.aws.ConfigClusterResolver      : Resolving eureka endpoints via configuration
2023-07-21 14:06:30.210  INFO 3028 --- [AsyncResolver-bootstrap-executor-0] c.n.d.s.r.aws.ConfigClusterResolver      : Resolving eureka endpoints via configuration
2023-07-21 14:11:30.213  INFO 3028 --- [AsyncResolver-bootstrap-executor-0] c.n.d.s.r.aws.ConfigClusterResolver      : Resolving eureka endpoints via configuration
2023-07-21 14:16:30.220  INFO 3028 --- [AsyncResolver-bootstrap-executor-0] c.n.d.s.r.aws.ConfigClusterResolver      : Resolving eureka endpoints via configuration
2023-07-21 14:21:30.232  INFO 3028 --- [AsyncResolver-bootstrap-executor-0] c.n.d.s.r.aws.ConfigClusterResolver      : Resolving eureka endpoints via configuration
2023-07-21 14:26:30.249  INFO 3028 --- [AsyncResolver-bootstrap-executor-0] c.n.d.s.r.aws.ConfigClusterResolver      : Resolving eureka endpoints via configuration
2023-07-21 14:31:30.264  INFO 3028 --- [AsyncResolver-bootstrap-executor-0] c.n.d.s.r.aws.ConfigClusterResolver      : Resolving eureka endpoints via configuration
2023-07-21 14:36:30.270  INFO 3028 --- [AsyncResolver-bootstrap-executor-0] c.n.d.s.r.aws.ConfigClusterResolver      : Resolving eureka endpoints via configuration
2023-07-21 14:41:30.367  INFO 3028 --- [AsyncResolver-bootstrap-executor-0] c.n.d.s.r.aws.ConfigClusterResolver      : Resolving eureka endpoints via configuration
2023-07-21 14:46:30.386  INFO 3028 --- [AsyncResolver-bootstrap-executor-0] c.n.d.s.r.aws.ConfigClusterResolver      : Resolving eureka endpoints via configuration
2023-07-21 14:51:30.388  INFO 3028 --- [AsyncResolver-bootstrap-executor-0] c.n.d.s.r.aws.ConfigClusterResolver      : Resolving eureka endpoints via configuration
2023-07-21 14:56:30.403  INFO 3028 --- [AsyncResolver-bootstrap-executor-0] c.n.d.s.r.aws.ConfigClusterResolver      : Resolving eureka endpoints via configuration
2023-07-21 15:01:30.418  INFO 3028 --- [AsyncResolver-bootstrap-executor-0] c.n.d.s.r.aws.ConfigClusterResolver      : Resolving eureka endpoints via configuration
2023-07-21 15:06:30.425  INFO 3028 --- [AsyncResolver-bootstrap-executor-0] c.n.d.s.r.aws.ConfigClusterResolver      : Resolving eureka endpoints via configuration
2023-07-21 15:11:30.433  INFO 3028 --- [AsyncResolver-bootstrap-executor-0] c.n.d.s.r.aws.ConfigClusterResolver      : Resolving eureka endpoints via configuration
2023-07-21 15:18:27.241  INFO 3028 --- [AsyncResolver-bootstrap-executor-0] c.n.d.s.r.aws.ConfigClusterResolver      : Resolving eureka endpoints via configuration
2023-07-21 15:18:29.072  INFO 3028 --- [cluster-rtt-ClusterId{value='64ba2c1713263b1d1ce5afb1', description='null'}-cluster0-shard-00-00.kxgac.mongodb.net:27017] org.mongodb.driver.connection            : Opened connection [connectionId{localValue:7, serverValue:114344}] to cluster0-shard-00-00.kxgac.mongodb.net:27017
2023-07-21 15:18:31.938  INFO 3028 --- [cluster-ClusterId{value='64ba2c1713263b1d1ce5afb1', description='null'}-cluster0-shard-00-00.kxgac.mongodb.net:27017] org.mongodb.driver.cluster               : Exception in monitor thread while connecting to server cluster0-shard-00-00.kxgac.mongodb.net:27017

com.mongodb.MongoSocketReadTimeoutException: Timeout while receiving message
	at com.mongodb.internal.connection.InternalStreamConnection.translateReadException(InternalStreamConnection.java:696) ~[mongodb-driver-core-4.6.1.jar:na]
	at com.mongodb.internal.connection.InternalStreamConnection.receiveMessageWithAdditionalTimeout(InternalStreamConnection.java:574) ~[mongodb-driver-core-4.6.1.jar:na]
	at com.mongodb.internal.connection.InternalStreamConnection.receiveCommandMessageResponse(InternalStreamConnection.java:410) ~[mongodb-driver-core-4.6.1.jar:na]
	at com.mongodb.internal.connection.InternalStreamConnection.receive(InternalStreamConnection.java:369) ~[mongodb-driver-core-4.6.1.jar:na]
	at com.mongodb.internal.connection.DefaultServerMonitor$ServerMonitorRunnable.lookupServerDescription(DefaultServerMonitor.java:221) ~[mongodb-driver-core-4.6.1.jar:na]
	at com.mongodb.internal.connection.DefaultServerMonitor$ServerMonitorRunnable.run(DefaultServerMonitor.java:157) ~[mongodb-driver-core-4.6.1.jar:na]
	at java.base/java.lang.Thread.run(Thread.java:833) ~[na:na]
Caused by: java.net.SocketTimeoutException: Read timed out
	at java.base/sun.nio.ch.NioSocketImpl.timedRead(NioSocketImpl.java:283) ~[na:na]
	at java.base/sun.nio.ch.NioSocketImpl.implRead(NioSocketImpl.java:309) ~[na:na]
	at java.base/sun.nio.ch.NioSocketImpl.read(NioSocketImpl.java:350) ~[na:na]
	at java.base/sun.nio.ch.NioSocketImpl$1.read(NioSocketImpl.java:803) ~[na:na]
	at java.base/java.net.Socket$SocketInputStream.read(Socket.java:966) ~[na:na]
	at java.base/sun.security.ssl.SSLSocketInputRecord.read(SSLSocketInputRecord.java:478) ~[na:na]
	at java.base/sun.security.ssl.SSLSocketInputRecord.readHeader(SSLSocketInputRecord.java:472) ~[na:na]
	at java.base/sun.security.ssl.SSLSocketInputRecord.bytesInCompletePacket(SSLSocketInputRecord.java:70) ~[na:na]
	at java.base/sun.security.ssl.SSLSocketImpl.readApplicationRecord(SSLSocketImpl.java:1455) ~[na:na]
	at java.base/sun.security.ssl.SSLSocketImpl$AppInputStream.read(SSLSocketImpl.java:1059) ~[na:na]
	at com.mongodb.internal.connection.SocketStream.read(SocketStream.java:110) ~[mongodb-driver-core-4.6.1.jar:na]
	at com.mongodb.internal.connection.SocketStream.read(SocketStream.java:135) ~[mongodb-driver-core-4.6.1.jar:na]
	at com.mongodb.internal.connection.InternalStreamConnection.receiveResponseBuffers(InternalStreamConnection.java:713) ~[mongodb-driver-core-4.6.1.jar:na]
	at com.mongodb.internal.connection.InternalStreamConnection.receiveMessageWithAdditionalTimeout(InternalStreamConnection.java:571) ~[mongodb-driver-core-4.6.1.jar:na]
	... 5 common frames omitted

2023-07-21 15:18:32.476  INFO 3028 --- [cluster-ClusterId{value='64ba2c1713263b1d1ce5afb1', description='null'}-cluster0-shard-00-01.kxgac.mongodb.net:27017] org.mongodb.driver.cluster               : Exception in monitor thread while connecting to server cluster0-shard-00-01.kxgac.mongodb.net:27017

com.mongodb.MongoSocketReadTimeoutException: Timeout while receiving message
	at com.mongodb.internal.connection.InternalStreamConnection.translateReadException(InternalStreamConnection.java:696) ~[mongodb-driver-core-4.6.1.jar:na]
	at com.mongodb.internal.connection.InternalStreamConnection.receiveMessageWithAdditionalTimeout(InternalStreamConnection.java:574) ~[mongodb-driver-core-4.6.1.jar:na]
	at com.mongodb.internal.connection.InternalStreamConnection.receiveCommandMessageResponse(InternalStreamConnection.java:410) ~[mongodb-driver-core-4.6.1.jar:na]
	at com.mongodb.internal.connection.InternalStreamConnection.receive(InternalStreamConnection.java:369) ~[mongodb-driver-core-4.6.1.jar:na]
	at com.mongodb.internal.connection.DefaultServerMonitor$ServerMonitorRunnable.lookupServerDescription(DefaultServerMonitor.java:221) ~[mongodb-driver-core-4.6.1.jar:na]
	at com.mongodb.internal.connection.DefaultServerMonitor$ServerMonitorRunnable.run(DefaultServerMonitor.java:157) ~[mongodb-driver-core-4.6.1.jar:na]
	at java.base/java.lang.Thread.run(Thread.java:833) ~[na:na]
Caused by: java.net.SocketTimeoutException: Read timed out
	at java.base/sun.nio.ch.NioSocketImpl.timedRead(NioSocketImpl.java:283) ~[na:na]
	at java.base/sun.nio.ch.NioSocketImpl.implRead(NioSocketImpl.java:309) ~[na:na]
	at java.base/sun.nio.ch.NioSocketImpl.read(NioSocketImpl.java:350) ~[na:na]
	at java.base/sun.nio.ch.NioSocketImpl$1.read(NioSocketImpl.java:803) ~[na:na]
	at java.base/java.net.Socket$SocketInputStream.read(Socket.java:966) ~[na:na]
	at java.base/sun.security.ssl.SSLSocketInputRecord.read(SSLSocketInputRecord.java:478) ~[na:na]
	at java.base/sun.security.ssl.SSLSocketInputRecord.readHeader(SSLSocketInputRecord.java:472) ~[na:na]
	at java.base/sun.security.ssl.SSLSocketInputRecord.bytesInCompletePacket(SSLSocketInputRecord.java:70) ~[na:na]
	at java.base/sun.security.ssl.SSLSocketImpl.readApplicationRecord(SSLSocketImpl.java:1455) ~[na:na]
	at java.base/sun.security.ssl.SSLSocketImpl$AppInputStream.read(SSLSocketImpl.java:1059) ~[na:na]
	at com.mongodb.internal.connection.SocketStream.read(SocketStream.java:110) ~[mongodb-driver-core-4.6.1.jar:na]
	at com.mongodb.internal.connection.SocketStream.read(SocketStream.java:135) ~[mongodb-driver-core-4.6.1.jar:na]
	at com.mongodb.internal.connection.InternalStreamConnection.receiveResponseBuffers(InternalStreamConnection.java:713) ~[mongodb-driver-core-4.6.1.jar:na]
	at com.mongodb.internal.connection.InternalStreamConnection.receiveMessageWithAdditionalTimeout(InternalStreamConnection.java:571) ~[mongodb-driver-core-4.6.1.jar:na]
	... 5 common frames omitted

2023-07-21 15:18:32.601  INFO 3028 --- [cluster-ClusterId{value='64ba2c1713263b1d1ce5afb1', description='null'}-cluster0-shard-00-02.kxgac.mongodb.net:27017] org.mongodb.driver.cluster               : Exception in monitor thread while connecting to server cluster0-shard-00-02.kxgac.mongodb.net:27017

com.mongodb.MongoSocketReadTimeoutException: Timeout while receiving message
	at com.mongodb.internal.connection.InternalStreamConnection.translateReadException(InternalStreamConnection.java:696) ~[mongodb-driver-core-4.6.1.jar:na]
	at com.mongodb.internal.connection.InternalStreamConnection.receiveMessageWithAdditionalTimeout(InternalStreamConnection.java:574) ~[mongodb-driver-core-4.6.1.jar:na]
	at com.mongodb.internal.connection.InternalStreamConnection.receiveCommandMessageResponse(InternalStreamConnection.java:410) ~[mongodb-driver-core-4.6.1.jar:na]
	at com.mongodb.internal.connection.InternalStreamConnection.receive(InternalStreamConnection.java:369) ~[mongodb-driver-core-4.6.1.jar:na]
	at com.mongodb.internal.connection.DefaultServerMonitor$ServerMonitorRunnable.lookupServerDescription(DefaultServerMonitor.java:221) ~[mongodb-driver-core-4.6.1.jar:na]
	at com.mongodb.internal.connection.DefaultServerMonitor$ServerMonitorRunnable.run(DefaultServerMonitor.java:157) ~[mongodb-driver-core-4.6.1.jar:na]
	at java.base/java.lang.Thread.run(Thread.java:833) ~[na:na]
Caused by: java.net.SocketTimeoutException: Read timed out
	at java.base/sun.nio.ch.NioSocketImpl.timedRead(NioSocketImpl.java:283) ~[na:na]
	at java.base/sun.nio.ch.NioSocketImpl.implRead(NioSocketImpl.java:309) ~[na:na]
	at java.base/sun.nio.ch.NioSocketImpl.read(NioSocketImpl.java:350) ~[na:na]
	at java.base/sun.nio.ch.NioSocketImpl$1.read(NioSocketImpl.java:803) ~[na:na]
	at java.base/java.net.Socket$SocketInputStream.read(Socket.java:966) ~[na:na]
	at java.base/sun.security.ssl.SSLSocketInputRecord.read(SSLSocketInputRecord.java:478) ~[na:na]
	at java.base/sun.security.ssl.SSLSocketInputRecord.readHeader(SSLSocketInputRecord.java:472) ~[na:na]
	at java.base/sun.security.ssl.SSLSocketInputRecord.bytesInCompletePacket(SSLSocketInputRecord.java:70) ~[na:na]
	at java.base/sun.security.ssl.SSLSocketImpl.readApplicationRecord(SSLSocketImpl.java:1455) ~[na:na]
	at java.base/sun.security.ssl.SSLSocketImpl$AppInputStream.read(SSLSocketImpl.java:1059) ~[na:na]
	at com.mongodb.internal.connection.SocketStream.read(SocketStream.java:110) ~[mongodb-driver-core-4.6.1.jar:na]
	at com.mongodb.internal.connection.SocketStream.read(SocketStream.java:135) ~[mongodb-driver-core-4.6.1.jar:na]
	at com.mongodb.internal.connection.InternalStreamConnection.receiveResponseBuffers(InternalStreamConnection.java:713) ~[mongodb-driver-core-4.6.1.jar:na]
	at com.mongodb.internal.connection.InternalStreamConnection.receiveMessageWithAdditionalTimeout(InternalStreamConnection.java:571) ~[mongodb-driver-core-4.6.1.jar:na]
	... 5 common frames omitted

2023-07-21 15:18:32.684  INFO 3028 --- [cluster-ClusterId{value='64ba2c1713263b1d1ce5afb1', description='null'}-cluster0-shard-00-00.kxgac.mongodb.net:27017] org.mongodb.driver.connection            : Opened connection [connectionId{localValue:8, serverValue:114353}] to cluster0-shard-00-00.kxgac.mongodb.net:27017
2023-07-21 15:18:32.710  INFO 3028 --- [cluster-ClusterId{value='64ba2c1713263b1d1ce5afb1', description='null'}-cluster0-shard-00-00.kxgac.mongodb.net:27017] org.mongodb.driver.cluster               : Monitor thread successfully connected to server with description ServerDescription{address=cluster0-shard-00-00.kxgac.mongodb.net:27017, type=REPLICA_SET_SECONDARY, state=CONNECTED, ok=true, minWireVersion=0, maxWireVersion=17, maxDocumentSize=16777216, logicalSessionTimeoutMinutes=30, roundTripTimeNanos=495898500, setName='atlas-l6la7n-shard-0', canonicalAddress=cluster0-shard-00-00.kxgac.mongodb.net:27017, hosts=[cluster0-shard-00-00.kxgac.mongodb.net:27017, cluster0-shard-00-01.kxgac.mongodb.net:27017, cluster0-shard-00-02.kxgac.mongodb.net:27017], passives=[], arbiters=[], primary='cluster0-shard-00-01.kxgac.mongodb.net:27017', tagSet=TagSet{[Tag{name='nodeType', value='ELECTABLE'}, Tag{name='provider', value='AWS'}, Tag{name='region', value='US_EAST_1'}, Tag{name='workloadType', value='OPERATIONAL'}]}, electionId=null, setVersion=8, topologyVersion=TopologyVersion{processId=64b8e7829448812021c148cb, counter=4}, lastWriteDate=Fri Jul 21 15:18:32 IST 2023, lastUpdateTimeNanos=21716624762100}
2023-07-21 15:18:33.291  INFO 3028 --- [cluster-ClusterId{value='64ba2c1713263b1d1ce5afb1', description='null'}-cluster0-shard-00-01.kxgac.mongodb.net:27017] org.mongodb.driver.connection            : Opened connection [connectionId{localValue:9, serverValue:115495}] to cluster0-shard-00-01.kxgac.mongodb.net:27017
2023-07-21 15:18:33.292  INFO 3028 --- [cluster-ClusterId{value='64ba2c1713263b1d1ce5afb1', description='null'}-cluster0-shard-00-01.kxgac.mongodb.net:27017] org.mongodb.driver.cluster               : Monitor thread successfully connected to server with description ServerDescription{address=cluster0-shard-00-01.kxgac.mongodb.net:27017, type=REPLICA_SET_PRIMARY, state=CONNECTED, ok=true, minWireVersion=0, maxWireVersion=17, maxDocumentSize=16777216, logicalSessionTimeoutMinutes=30, roundTripTimeNanos=565327200, setName='atlas-l6la7n-shard-0', canonicalAddress=cluster0-shard-00-01.kxgac.mongodb.net:27017, hosts=[cluster0-shard-00-00.kxgac.mongodb.net:27017, cluster0-shard-00-01.kxgac.mongodb.net:27017, cluster0-shard-00-02.kxgac.mongodb.net:27017], passives=[], arbiters=[], primary='cluster0-shard-00-01.kxgac.mongodb.net:27017', tagSet=TagSet{[Tag{name='nodeType', value='ELECTABLE'}, Tag{name='provider', value='AWS'}, Tag{name='region', value='US_EAST_1'}, Tag{name='workloadType', value='OPERATIONAL'}]}, electionId=7fffffff0000000000000182, setVersion=8, topologyVersion=TopologyVersion{processId=64b8e89346eea641c32c50be, counter=6}, lastWriteDate=Fri Jul 21 15:18:32 IST 2023, lastUpdateTimeNanos=21717230566200}
2023-07-21 15:18:33.293  INFO 3028 --- [cluster-ClusterId{value='64ba2c1713263b1d1ce5afb1', description='null'}-cluster0-shard-00-01.kxgac.mongodb.net:27017] org.mongodb.driver.cluster               : Discovered replica set primary cluster0-shard-00-01.kxgac.mongodb.net:27017
2023-07-21 15:18:33.378  INFO 3028 --- [cluster-ClusterId{value='64ba2c1713263b1d1ce5afb1', description='null'}-cluster0-shard-00-02.kxgac.mongodb.net:27017] org.mongodb.driver.connection            : Opened connection [connectionId{localValue:10, serverValue:112802}] to cluster0-shard-00-02.kxgac.mongodb.net:27017
2023-07-21 15:18:33.378  INFO 3028 --- [cluster-ClusterId{value='64ba2c1713263b1d1ce5afb1', description='null'}-cluster0-shard-00-02.kxgac.mongodb.net:27017] org.mongodb.driver.cluster               : Monitor thread successfully connected to server with description ServerDescription{address=cluster0-shard-00-02.kxgac.mongodb.net:27017, type=REPLICA_SET_SECONDARY, state=CONNECTED, ok=true, minWireVersion=0, maxWireVersion=17, maxDocumentSize=16777216, logicalSessionTimeoutMinutes=30, roundTripTimeNanos=535323800, setName='atlas-l6la7n-shard-0', canonicalAddress=cluster0-shard-00-02.kxgac.mongodb.net:27017, hosts=[cluster0-shard-00-00.kxgac.mongodb.net:27017, cluster0-shard-00-01.kxgac.mongodb.net:27017, cluster0-shard-00-02.kxgac.mongodb.net:27017], passives=[], arbiters=[], primary='cluster0-shard-00-01.kxgac.mongodb.net:27017', tagSet=TagSet{[Tag{name='nodeType', value='ELECTABLE'}, Tag{name='provider', value='AWS'}, Tag{name='region', value='US_EAST_1'}, Tag{name='workloadType', value='OPERATIONAL'}]}, electionId=null, setVersion=8, topologyVersion=TopologyVersion{processId=64b8e9c901c9f7703075df42, counter=3}, lastWriteDate=Fri Jul 21 15:18:32 IST 2023, lastUpdateTimeNanos=21717318234700}
2023-07-21 15:23:27.267  INFO 3028 --- [AsyncResolver-bootstrap-executor-0] c.n.d.s.r.aws.ConfigClusterResolver      : Resolving eureka endpoints via configuration
2023-07-21 15:28:27.286  INFO 3028 --- [AsyncResolver-bootstrap-executor-0] c.n.d.s.r.aws.ConfigClusterResolver      : Resolving eureka endpoints via configuration
2023-07-21 15:33:27.306  INFO 3028 --- [AsyncResolver-bootstrap-executor-0] c.n.d.s.r.aws.ConfigClusterResolver      : Resolving eureka endpoints via configuration
2023-07-21 15:38:27.307  INFO 3028 --- [AsyncResolver-bootstrap-executor-0] c.n.d.s.r.aws.ConfigClusterResolver      : Resolving eureka endpoints via configuration
2023-07-21 15:43:27.325  INFO 3028 --- [AsyncResolver-bootstrap-executor-0] c.n.d.s.r.aws.ConfigClusterResolver      : Resolving eureka endpoints via configuration
2023-07-21 15:48:27.332  INFO 3028 --- [AsyncResolver-bootstrap-executor-0] c.n.d.s.r.aws.ConfigClusterResolver      : Resolving eureka endpoints via configuration
2023-07-21 15:53:27.348  INFO 3028 --- [AsyncResolver-bootstrap-executor-0] c.n.d.s.r.aws.ConfigClusterResolver      : Resolving eureka endpoints via configuration
2023-07-21 15:56:27.400  INFO 3028 --- [SpringApplicationShutdownHook] o.s.c.n.e.s.EurekaServiceRegistry        : Unregistering application USER-AUTH-SERVICE with eureka with status DOWN
2023-07-21 15:56:27.403  INFO 3028 --- [SpringApplicationShutdownHook] com.netflix.discovery.DiscoveryClient    : Saw local status change event StatusChangeEvent [timestamp=1689935187402, current=DOWN, previous=UP]
2023-07-21 15:56:27.406  INFO 3028 --- [DiscoveryClient-InstanceInfoReplicator-0] com.netflix.discovery.DiscoveryClient    : DiscoveryClient_USER-AUTH-SERVICE/host.docker.internal:user-auth-service:8081: registering service...
2023-07-21 15:56:27.479  INFO 3028 --- [DiscoveryClient-InstanceInfoReplicator-0] com.netflix.discovery.DiscoveryClient    : DiscoveryClient_USER-AUTH-SERVICE/host.docker.internal:user-auth-service:8081 - registration status: 204
2023-07-21 15:56:28.971  INFO 3028 --- [SpringApplicationShutdownHook] com.netflix.discovery.DiscoveryClient    : Shutting down DiscoveryClient ...
2023-07-21 15:56:32.002  INFO 3028 --- [SpringApplicationShutdownHook] com.netflix.discovery.DiscoveryClient    : Unregistering ...
2023-07-21 15:56:32.027  INFO 3028 --- [SpringApplicationShutdownHook] com.netflix.discovery.DiscoveryClient    : DiscoveryClient_USER-AUTH-SERVICE/host.docker.internal:user-auth-service:8081 - deregister  status: 200
2023-07-21 15:56:32.062  INFO 3028 --- [SpringApplicationShutdownHook] com.netflix.discovery.DiscoveryClient    : Completed shut down of DiscoveryClient
